<?xml version="1.0" encoding="UTF-8"?>
<testsuite name="Test"
           tests="2"
           failures="1"
           errors="0"
           skipped="0"
           time="142.606">
  <properties />
            <testcase name="afterSuite" time="31.197" classname="org.winvinaya.academy.testauto.test.testsuites.WebTestUserLoadingTime">
                <failure type="java.lang.RuntimeException"
                  message="com.sun.mail.util.MailConnectException: Couldn&apos;t connect to host, port: smtp.gmail.com, 25; timeout -1;
  nested exception is:
	java.net.ConnectException: Connection timed out: connect"
              >
<![CDATA[java.lang.RuntimeException: com.sun.mail.util.MailConnectException: Couldn't connect to host, port: smtp.gmail.com, 25; timeout -1;
  nested exception is:
	java.net.ConnectException: Connection timed out: connect
  org.winvinaya.academy.testauto.SendAttachment.sendmail(SendAttachment.java:92)
  org.winvinaya.academy.testauto.test.WinVinayaAcadamyWebBaseTest.afterSuite(WinVinayaAcadamyWebBaseTest.java:39)
  sun.reflect.NativeMethodAccessorImpl.invoke0(Native Method)
  sun.reflect.NativeMethodAccessorImpl.invoke(Unknown Source)
  sun.reflect.DelegatingMethodAccessorImpl.invoke(Unknown Source)
  java.lang.reflect.Method.invoke(Unknown Source)
  org.testng.internal.MethodInvocationHelper.invokeMethod(MethodInvocationHelper.java:124)
  org.testng.internal.MethodInvocationHelper.invokeMethodConsideringTimeout(MethodInvocationHelper.java:59)
  org.testng.internal.Invoker.invokeConfigurationMethod(Invoker.java:458)
  org.testng.internal.Invoker.invokeConfigurations(Invoker.java:222)
  org.testng.internal.Invoker.invokeConfigurations(Invoker.java:142)
  org.testng.SuiteRunner.privateRun(SuiteRunner.java:425)
  org.testng.SuiteRunner.run(SuiteRunner.java:364)
  org.testng.SuiteRunnerWorker.runSuite(SuiteRunnerWorker.java:52)
  org.testng.SuiteRunnerWorker.run(SuiteRunnerWorker.java:84)
  org.testng.TestNG.runSuitesSequentially(TestNG.java:1208)
  org.testng.TestNG.runSuitesLocally(TestNG.java:1137)
  org.testng.TestNG.runSuites(TestNG.java:1049)
  org.testng.TestNG.run(TestNG.java:1017)
  org.testng.remote.AbstractRemoteTestNG.run(AbstractRemoteTestNG.java:115)
  org.testng.remote.RemoteTestNG.initAndRun(RemoteTestNG.java:251)
  org.testng.remote.RemoteTestNG.main(RemoteTestNG.java:77)
Caused by: com.sun.mail.util.MailConnectException: Couldn't connect to host, port: smtp.gmail.com, 25; timeout -1;
  nested exception is:
	java.net.ConnectException: Connection timed out: connect
  com.sun.mail.smtp.SMTPTransport.openServer(SMTPTransport.java:2209)
  com.sun.mail.smtp.SMTPTransport.protocolConnect(SMTPTransport.java:740)
  javax.mail.Service.connect(Service.java:388)
  javax.mail.Service.connect(Service.java:246)
  javax.mail.Service.connect(Service.java:195)
  javax.mail.Transport.send0(Transport.java:254)
  javax.mail.Transport.send(Transport.java:124)
  org.winvinaya.academy.testauto.SendAttachment.sendmail(SendAttachment.java:87)
  org.winvinaya.academy.testauto.test.WinVinayaAcadamyWebBaseTest.afterSuite(WinVinayaAcadamyWebBaseTest.java:39)
  sun.reflect.NativeMethodAccessorImpl.invoke0(Native Method)
  sun.reflect.NativeMethodAccessorImpl.invoke(Unknown Source)
  sun.reflect.DelegatingMethodAccessorImpl.invoke(Unknown Source)
  java.lang.reflect.Method.invoke(Unknown Source)
  org.testng.internal.MethodInvocationHelper.invokeMethod(MethodInvocationHelper.java:124)
  org.testng.internal.MethodInvocationHelper.invokeMethodConsideringTimeout(MethodInvocationHelper.java:59)
  org.testng.internal.Invoker.invokeConfigurationMethod(Invoker.java:458)
  org.testng.internal.Invoker.invokeConfigurations(Invoker.java:222)
  org.testng.internal.Invoker.invokeConfigurations(Invoker.java:142)
  org.testng.SuiteRunner.privateRun(SuiteRunner.java:425)
  org.testng.SuiteRunner.run(SuiteRunner.java:364)
  org.testng.SuiteRunnerWorker.runSuite(SuiteRunnerWorker.java:52)
  org.testng.SuiteRunnerWorker.run(SuiteRunnerWorker.java:84)
  org.testng.TestNG.runSuitesSequentially(TestNG.java:1208)
  org.testng.TestNG.runSuitesLocally(TestNG.java:1137)
  org.testng.TestNG.runSuites(TestNG.java:1049)
  org.testng.TestNG.run(TestNG.java:1017)
  org.testng.remote.AbstractRemoteTestNG.run(AbstractRemoteTestNG.java:115)
  org.testng.remote.RemoteTestNG.initAndRun(RemoteTestNG.java:251)
  org.testng.remote.RemoteTestNG.main(RemoteTestNG.java:77)
Caused by: java.net.ConnectException: Connection timed out: connect
  java.net.DualStackPlainSocketImpl.connect0(Native Method)
  java.net.DualStackPlainSocketImpl.socketConnect(Unknown Source)
  java.net.AbstractPlainSocketImpl.doConnect(Unknown Source)
  java.net.AbstractPlainSocketImpl.connectToAddress(Unknown Source)
  java.net.AbstractPlainSocketImpl.connect(Unknown Source)
  java.net.PlainSocketImpl.connect(Unknown Source)
  java.net.SocksSocketImpl.connect(Unknown Source)
  java.net.Socket.connect(Unknown Source)
  java.net.Socket.connect(Unknown Source)
  com.sun.mail.util.SocketFetcher.createSocket(SocketFetcher.java:335)
  com.sun.mail.util.SocketFetcher.getSocket(SocketFetcher.java:214)
  com.sun.mail.smtp.SMTPTransport.openServer(SMTPTransport.java:2175)
  com.sun.mail.smtp.SMTPTransport.protocolConnect(SMTPTransport.java:740)
  javax.mail.Service.connect(Service.java:388)
  javax.mail.Service.connect(Service.java:246)
  javax.mail.Service.connect(Service.java:195)
  javax.mail.Transport.send0(Transport.java:254)
  javax.mail.Transport.send(Transport.java:124)
  org.winvinaya.academy.testauto.SendAttachment.sendmail(SendAttachment.java:87)
  org.winvinaya.academy.testauto.test.WinVinayaAcadamyWebBaseTest.afterSuite(WinVinayaAcadamyWebBaseTest.java:39)
  sun.reflect.NativeMethodAccessorImpl.invoke0(Native Method)
  sun.reflect.NativeMethodAccessorImpl.invoke(Unknown Source)
  sun.reflect.DelegatingMethodAccessorImpl.invoke(Unknown Source)
  java.lang.reflect.Method.invoke(Unknown Source)
  org.testng.internal.MethodInvocationHelper.invokeMethod(MethodInvocationHelper.java:124)
  org.testng.internal.MethodInvocationHelper.invokeMethodConsideringTimeout(MethodInvocationHelper.java:59)
  org.testng.internal.Invoker.invokeConfigurationMethod(Invoker.java:458)
  org.testng.internal.Invoker.invokeConfigurations(Invoker.java:222)
  org.testng.internal.Invoker.invokeConfigurations(Invoker.java:142)
  org.testng.SuiteRunner.privateRun(SuiteRunner.java:425)
  org.testng.SuiteRunner.run(SuiteRunner.java:364)
  org.testng.SuiteRunnerWorker.runSuite(SuiteRunnerWorker.java:52)
  org.testng.SuiteRunnerWorker.run(SuiteRunnerWorker.java:84)
  org.testng.TestNG.runSuitesSequentially(TestNG.java:1208)
  org.testng.TestNG.runSuitesLocally(TestNG.java:1137)
  org.testng.TestNG.runSuites(TestNG.java:1049)
  org.testng.TestNG.run(TestNG.java:1017)
  org.testng.remote.AbstractRemoteTestNG.run(AbstractRemoteTestNG.java:115)
  org.testng.remote.RemoteTestNG.initAndRun(RemoteTestNG.java:251)
  org.testng.remote.RemoteTestNG.main(RemoteTestNG.java:77)
]]>
      </failure>

          </testcase>
  
  
            <testcase name="AcdemyLoginTest" time="111.409" classname="org.winvinaya.academy.testauto.test.testsuites.WebTestUserLoadingTime" />
      
</testsuite>
