<?xml version="1.0" encoding="UTF-8"?>
<testng-results skipped="0" failed="0" ignored="0" total="1" passed="1">
  <reporter-output>
  </reporter-output>
  <suite name="Suite" duration-ms="35382" started-at="2022-05-16T09:17:43Z" finished-at="2022-05-16T09:18:19Z">
    <groups>
      <group name="pilot">
        <method signature="WebTestInfosystemsWeb.AcdemyLoginTest(java.lang.String, java.lang.String)[pri:1, instance:org.winvinaya.infosystems.web.testauto.test.testsuites.WebTestInfosystemsWeb@70be0a2b]" name="AcdemyLoginTest" class="org.winvinaya.infosystems.web.testauto.test.testsuites.WebTestInfosystemsWeb"/>
      </group> <!-- pilot -->
    </groups>
    <test name="Test" duration-ms="35382" started-at="2022-05-16T09:17:43Z" finished-at="2022-05-16T09:18:19Z">
      <class name="org.winvinaya.infosystems.web.testauto.test.testsuites.WebTestInfosystemsWeb">
        <test-method status="PASS" signature="beforeSuite()[pri:0, instance:org.winvinaya.infosystems.web.testauto.test.testsuites.WebTestInfosystemsWeb@70be0a2b]" name="beforeSuite" is-config="true" duration-ms="23" started-at="2022-05-16T09:17:43Z" finished-at="2022-05-16T09:17:43Z">
          <reporter-output>
          </reporter-output>
        </test-method> <!-- beforeSuite -->
        <test-method status="PASS" signature="beforeMethod()[pri:0, instance:org.winvinaya.infosystems.web.testauto.test.testsuites.WebTestInfosystemsWeb@70be0a2b]" name="beforeMethod" is-config="true" duration-ms="1" started-at="2022-05-16T09:17:43Z" finished-at="2022-05-16T09:17:43Z">
          <reporter-output>
          </reporter-output>
        </test-method> <!-- beforeMethod -->
        <test-method status="PASS" signature="AcdemyLoginTest(java.lang.String, java.lang.String)[pri:1, instance:org.winvinaya.infosystems.web.testauto.test.testsuites.WebTestInfosystemsWeb@70be0a2b]" name="AcdemyLoginTest" duration-ms="35341" started-at="2022-05-16T09:17:43Z" data-provider="browsers" finished-at="2022-05-16T09:18:19Z">
          <params>
            <param index="0">
              <value>
                <![CDATA[2]]>
              </value>
            </param>
            <param index="1">
              <value>
                <![CDATA[Chrome]]>
              </value>
            </param>
          </params>
          <reporter-output>
          </reporter-output>
        </test-method> <!-- AcdemyLoginTest -->
        <test-method status="PASS" signature="afterMethod()[pri:0, instance:org.winvinaya.infosystems.web.testauto.test.testsuites.WebTestInfosystemsWeb@70be0a2b]" name="afterMethod" is-config="true" duration-ms="839" started-at="2022-05-16T09:18:19Z" finished-at="2022-05-16T09:18:20Z">
          <reporter-output>
          </reporter-output>
        </test-method> <!-- afterMethod -->
        <test-method status="PASS" signature="afterSuite()[pri:0, instance:org.winvinaya.infosystems.web.testauto.test.testsuites.WebTestInfosystemsWeb@70be0a2b]" name="afterSuite" is-config="true" duration-ms="3848" started-at="2022-05-16T09:18:20Z" depends-on-methods="org.winvinaya.infosystems.web.test.WebTestWinVinayaInfosystemsBase.afterMethod" finished-at="2022-05-16T09:18:23Z">
          <reporter-output>
          </reporter-output>
        </test-method> <!-- afterSuite -->
      </class> <!-- org.winvinaya.infosystems.web.testauto.test.testsuites.WebTestInfosystemsWeb -->
    </test> <!-- Test -->
  </suite> <!-- Suite -->
</testng-results>
